<?xml version="1.0" encoding="UTF-8" ?>
<testsuite failures="0" time="3.31" errors="0" skipped="0" tests="3" name="com.icitic.avp.bean.pojo.hbm.dao.IcSysParaDaoTest">
  <properties>
[...]
</properties>
  <testcase time="2.732" classname="com.icitic.avp.bean.pojo.hbm.dao.IcSysParaDaoTest" name="testAddBean"/>
  <testcase time="0.187" classname="com.icitic.avp.bean.pojo.hbm.dao.IcSysParaDaoTest" name="testHibernateOriginalQuery"/>
  <testcase time="0.016" classname="com.icitic.avp.bean.pojo.hbm.dao.IcSysParaDaoTest" name="testList"/>
</testsuite>